CRITICAL - 2022-12-07 09:33:08 --> Invalid file: Haii.php
#0 /var/www/html/ToDoApp/system/View/View.php(198): CodeIgniter\Exceptions\FrameworkException::forInvalidFile()
#1 /var/www/html/ToDoApp/system/Common.php(1089): CodeIgniter\View\View->render()
#2 /var/www/html/ToDoApp/app/Controllers/Home.php(9): view()
#3 /var/www/html/ToDoApp/system/CodeIgniter.php(825): App\Controllers\Home->index()
#4 /var/www/html/ToDoApp/system/CodeIgniter.php(412): CodeIgniter\CodeIgniter->runController()
#5 /var/www/html/ToDoApp/system/CodeIgniter.php(320): CodeIgniter\CodeIgniter->handleRequest()
#6 /var/www/html/ToDoApp/public/index.php(37): CodeIgniter\CodeIgniter->run()
#7 {main}
CRITICAL - 2022-12-07 13:01:55 --> Undefined variable $validation
#0 /var/www/html/ToDoApp/app/Views/pages/todo.php(22): CodeIgniter\Debug\Exceptions->errorHandler()
#1 /var/www/html/ToDoApp/system/View/View.php(210): include('...')
#2 /var/www/html/ToDoApp/system/View/View.php(213): CodeIgniter\View\View->CodeIgniter\View\{closure}()
#3 /var/www/html/ToDoApp/system/Common.php(1089): CodeIgniter\View\View->render()
#4 /var/www/html/ToDoApp/app/Controllers/Home.php(19): view()
#5 /var/www/html/ToDoApp/system/CodeIgniter.php(825): App\Controllers\Home->pages()
#6 /var/www/html/ToDoApp/system/CodeIgniter.php(412): CodeIgniter\CodeIgniter->runController()
#7 /var/www/html/ToDoApp/system/CodeIgniter.php(320): CodeIgniter\CodeIgniter->handleRequest()
#8 /var/www/html/ToDoApp/public/index.php(37): CodeIgniter\CodeIgniter->run()
#9 {main}
CRITICAL - 2022-12-07 13:01:58 --> Undefined variable $validation
#0 /var/www/html/ToDoApp/app/Views/pages/todo.php(22): CodeIgniter\Debug\Exceptions->errorHandler()
#1 /var/www/html/ToDoApp/system/View/View.php(210): include('...')
#2 /var/www/html/ToDoApp/system/View/View.php(213): CodeIgniter\View\View->CodeIgniter\View\{closure}()
#3 /var/www/html/ToDoApp/system/Common.php(1089): CodeIgniter\View\View->render()
#4 /var/www/html/ToDoApp/app/Controllers/Home.php(19): view()
#5 /var/www/html/ToDoApp/system/CodeIgniter.php(825): App\Controllers\Home->pages()
#6 /var/www/html/ToDoApp/system/CodeIgniter.php(412): CodeIgniter\CodeIgniter->runController()
#7 /var/www/html/ToDoApp/system/CodeIgniter.php(320): CodeIgniter\CodeIgniter->handleRequest()
#8 /var/www/html/ToDoApp/public/index.php(37): CodeIgniter\CodeIgniter->run()
#9 {main}
CRITICAL - 2022-12-07 13:02:01 --> Undefined variable $validation
#0 /var/www/html/ToDoApp/app/Views/pages/todo.php(22): CodeIgniter\Debug\Exceptions->errorHandler()
#1 /var/www/html/ToDoApp/system/View/View.php(210): include('...')
#2 /var/www/html/ToDoApp/system/View/View.php(213): CodeIgniter\View\View->CodeIgniter\View\{closure}()
#3 /var/www/html/ToDoApp/system/Common.php(1089): CodeIgniter\View\View->render()
#4 /var/www/html/ToDoApp/app/Controllers/Home.php(19): view()
#5 /var/www/html/ToDoApp/system/CodeIgniter.php(825): App\Controllers\Home->pages()
#6 /var/www/html/ToDoApp/system/CodeIgniter.php(412): CodeIgniter\CodeIgniter->runController()
#7 /var/www/html/ToDoApp/system/CodeIgniter.php(320): CodeIgniter\CodeIgniter->handleRequest()
#8 /var/www/html/ToDoApp/public/index.php(37): CodeIgniter\CodeIgniter->run()
#9 {main}
CRITICAL - 2022-12-07 13:07:53 --> Undefined variable $validation
#0 /var/www/html/ToDoApp/app/Views/pages/todo.php(22): CodeIgniter\Debug\Exceptions->errorHandler()
#1 /var/www/html/ToDoApp/system/View/View.php(210): include('...')
#2 /var/www/html/ToDoApp/system/View/View.php(213): CodeIgniter\View\View->CodeIgniter\View\{closure}()
#3 /var/www/html/ToDoApp/system/Common.php(1089): CodeIgniter\View\View->render()
#4 /var/www/html/ToDoApp/app/Controllers/Home.php(19): view()
#5 /var/www/html/ToDoApp/system/CodeIgniter.php(825): App\Controllers\Home->pages()
#6 /var/www/html/ToDoApp/system/CodeIgniter.php(412): CodeIgniter\CodeIgniter->runController()
#7 /var/www/html/ToDoApp/system/CodeIgniter.php(320): CodeIgniter\CodeIgniter->handleRequest()
#8 /var/www/html/ToDoApp/public/index.php(37): CodeIgniter\CodeIgniter->run()
#9 {main}
CRITICAL - 2022-12-07 13:08:00 --> Undefined variable $validation
#0 /var/www/html/ToDoApp/app/Views/pages/todo.php(22): CodeIgniter\Debug\Exceptions->errorHandler()
#1 /var/www/html/ToDoApp/system/View/View.php(210): include('...')
#2 /var/www/html/ToDoApp/system/View/View.php(213): CodeIgniter\View\View->CodeIgniter\View\{closure}()
#3 /var/www/html/ToDoApp/system/Common.php(1089): CodeIgniter\View\View->render()
#4 /var/www/html/ToDoApp/app/Controllers/Home.php(19): view()
#5 /var/www/html/ToDoApp/system/CodeIgniter.php(825): App\Controllers\Home->pages()
#6 /var/www/html/ToDoApp/system/CodeIgniter.php(412): CodeIgniter\CodeIgniter->runController()
#7 /var/www/html/ToDoApp/system/CodeIgniter.php(320): CodeIgniter\CodeIgniter->handleRequest()
#8 /var/www/html/ToDoApp/public/index.php(37): CodeIgniter\CodeIgniter->run()
#9 {main}
CRITICAL - 2022-12-07 13:08:01 --> Undefined variable $validation
#0 /var/www/html/ToDoApp/app/Views/pages/todo.php(22): CodeIgniter\Debug\Exceptions->errorHandler()
#1 /var/www/html/ToDoApp/system/View/View.php(210): include('...')
#2 /var/www/html/ToDoApp/system/View/View.php(213): CodeIgniter\View\View->CodeIgniter\View\{closure}()
#3 /var/www/html/ToDoApp/system/Common.php(1089): CodeIgniter\View\View->render()
#4 /var/www/html/ToDoApp/app/Controllers/Home.php(19): view()
#5 /var/www/html/ToDoApp/system/CodeIgniter.php(825): App\Controllers\Home->pages()
#6 /var/www/html/ToDoApp/system/CodeIgniter.php(412): CodeIgniter\CodeIgniter->runController()
#7 /var/www/html/ToDoApp/system/CodeIgniter.php(320): CodeIgniter\CodeIgniter->handleRequest()
#8 /var/www/html/ToDoApp/public/index.php(37): CodeIgniter\CodeIgniter->run()
#9 {main}
CRITICAL - 2022-12-07 13:10:39 --> Undefined variable $validation
#0 /var/www/html/ToDoApp/app/Views/pages/todo.php(22): CodeIgniter\Debug\Exceptions->errorHandler()
#1 /var/www/html/ToDoApp/system/View/View.php(210): include('...')
#2 /var/www/html/ToDoApp/system/View/View.php(213): CodeIgniter\View\View->CodeIgniter\View\{closure}()
#3 /var/www/html/ToDoApp/system/Common.php(1089): CodeIgniter\View\View->render()
#4 /var/www/html/ToDoApp/app/Controllers/Home.php(19): view()
#5 /var/www/html/ToDoApp/system/CodeIgniter.php(825): App\Controllers\Home->pages()
#6 /var/www/html/ToDoApp/system/CodeIgniter.php(412): CodeIgniter\CodeIgniter->runController()
#7 /var/www/html/ToDoApp/system/CodeIgniter.php(320): CodeIgniter\CodeIgniter->handleRequest()
#8 /var/www/html/ToDoApp/public/index.php(37): CodeIgniter\CodeIgniter->run()
#9 {main}
CRITICAL - 2022-12-07 21:51:08 --> Call to a member function getMethod() on string
#0 /var/www/html/ToDoApp/system/CodeIgniter.php(825): App\Controllers\Home->store()
#1 /var/www/html/ToDoApp/system/CodeIgniter.php(412): CodeIgniter\CodeIgniter->runController()
#2 /var/www/html/ToDoApp/system/CodeIgniter.php(320): CodeIgniter\CodeIgniter->handleRequest()
#3 /var/www/html/ToDoApp/public/index.php(37): CodeIgniter\CodeIgniter->run()
#4 {main}
CRITICAL - 2022-12-07 22:01:03 --> Call to a member function getMethod() on string
#0 /var/www/html/ToDoApp/system/CodeIgniter.php(825): App\Controllers\Home->store()
#1 /var/www/html/ToDoApp/system/CodeIgniter.php(412): CodeIgniter\CodeIgniter->runController()
#2 /var/www/html/ToDoApp/system/CodeIgniter.php(320): CodeIgniter\CodeIgniter->handleRequest()
#3 /var/www/html/ToDoApp/public/index.php(37): CodeIgniter\CodeIgniter->run()
#4 {main}
CRITICAL - 2022-12-07 22:02:20 --> Call to a member function getMethod() on string
#0 /var/www/html/ToDoApp/system/CodeIgniter.php(825): App\Controllers\Home->store()
#1 /var/www/html/ToDoApp/system/CodeIgniter.php(412): CodeIgniter\CodeIgniter->runController()
#2 /var/www/html/ToDoApp/system/CodeIgniter.php(320): CodeIgniter\CodeIgniter->handleRequest()
#3 /var/www/html/ToDoApp/public/index.php(37): CodeIgniter\CodeIgniter->run()
#4 {main}
CRITICAL - 2022-12-07 22:02:30 --> Call to a member function getMethod() on string
#0 /var/www/html/ToDoApp/system/CodeIgniter.php(825): App\Controllers\Home->store()
#1 /var/www/html/ToDoApp/system/CodeIgniter.php(412): CodeIgniter\CodeIgniter->runController()
#2 /var/www/html/ToDoApp/system/CodeIgniter.php(320): CodeIgniter\CodeIgniter->handleRequest()
#3 /var/www/html/ToDoApp/public/index.php(37): CodeIgniter\CodeIgniter->run()
#4 {main}
CRITICAL - 2022-12-07 22:20:35 --> Call to a member function getMethod() on string
#0 /var/www/html/ToDoApp/system/CodeIgniter.php(825): App\Controllers\Home->store()
#1 /var/www/html/ToDoApp/system/CodeIgniter.php(412): CodeIgniter\CodeIgniter->runController()
#2 /var/www/html/ToDoApp/system/CodeIgniter.php(320): CodeIgniter\CodeIgniter->handleRequest()
#3 /var/www/html/ToDoApp/public/index.php(37): CodeIgniter\CodeIgniter->run()
#4 {main}
CRITICAL - 2022-12-07 22:21:13 --> Array to string conversion
#0 /var/www/html/ToDoApp/app/Controllers/Home.php(42): CodeIgniter\Debug\Exceptions->errorHandler()
#1 /var/www/html/ToDoApp/system/CodeIgniter.php(825): App\Controllers\Home->store()
#2 /var/www/html/ToDoApp/system/CodeIgniter.php(412): CodeIgniter\CodeIgniter->runController()
#3 /var/www/html/ToDoApp/system/CodeIgniter.php(320): CodeIgniter\CodeIgniter->handleRequest()
#4 /var/www/html/ToDoApp/public/index.php(37): CodeIgniter\CodeIgniter->run()
#5 {main}
CRITICAL - 2022-12-07 22:22:07 --> Invalid file: pages.php
#0 /var/www/html/ToDoApp/system/View/View.php(198): CodeIgniter\Exceptions\FrameworkException::forInvalidFile()
#1 /var/www/html/ToDoApp/system/Common.php(1089): CodeIgniter\View\View->render()
#2 /var/www/html/ToDoApp/app/Controllers/Home.php(45): view()
#3 /var/www/html/ToDoApp/system/CodeIgniter.php(825): App\Controllers\Home->store()
#4 /var/www/html/ToDoApp/system/CodeIgniter.php(412): CodeIgniter\CodeIgniter->runController()
#5 /var/www/html/ToDoApp/system/CodeIgniter.php(320): CodeIgniter\CodeIgniter->handleRequest()
#6 /var/www/html/ToDoApp/public/index.php(37): CodeIgniter\CodeIgniter->run()
#7 {main}
CRITICAL - 2022-12-07 22:27:13 --> Object of class CodeIgniter\Validation\Validation could not be converted to string
#0 /var/www/html/ToDoApp/system/View/View.php(210): include()
#1 /var/www/html/ToDoApp/system/View/View.php(213): CodeIgniter\View\View->CodeIgniter\View\{closure}()
#2 /var/www/html/ToDoApp/system/Common.php(1089): CodeIgniter\View\View->render()
#3 /var/www/html/ToDoApp/app/Controllers/Home.php(23): view()
#4 /var/www/html/ToDoApp/system/CodeIgniter.php(825): App\Controllers\Home->pages()
#5 /var/www/html/ToDoApp/system/CodeIgniter.php(412): CodeIgniter\CodeIgniter->runController()
#6 /var/www/html/ToDoApp/system/CodeIgniter.php(320): CodeIgniter\CodeIgniter->handleRequest()
#7 /var/www/html/ToDoApp/public/index.php(37): CodeIgniter\CodeIgniter->run()
#8 {main}
CRITICAL - 2022-12-07 22:27:14 --> Object of class CodeIgniter\Validation\Validation could not be converted to string
#0 /var/www/html/ToDoApp/system/View/View.php(210): include()
#1 /var/www/html/ToDoApp/system/View/View.php(213): CodeIgniter\View\View->CodeIgniter\View\{closure}()
#2 /var/www/html/ToDoApp/system/Common.php(1089): CodeIgniter\View\View->render()
#3 /var/www/html/ToDoApp/app/Controllers/Home.php(23): view()
#4 /var/www/html/ToDoApp/system/CodeIgniter.php(825): App\Controllers\Home->pages()
#5 /var/www/html/ToDoApp/system/CodeIgniter.php(412): CodeIgniter\CodeIgniter->runController()
#6 /var/www/html/ToDoApp/system/CodeIgniter.php(320): CodeIgniter\CodeIgniter->handleRequest()
#7 /var/www/html/ToDoApp/public/index.php(37): CodeIgniter\CodeIgniter->run()
#8 {main}
CRITICAL - 2022-12-07 22:31:21 --> Invalid file: pages.php
#0 /var/www/html/ToDoApp/system/View/View.php(198): CodeIgniter\Exceptions\FrameworkException::forInvalidFile()
#1 /var/www/html/ToDoApp/system/Common.php(1089): CodeIgniter\View\View->render()
#2 /var/www/html/ToDoApp/app/Controllers/Home.php(45): view()
#3 /var/www/html/ToDoApp/system/CodeIgniter.php(825): App\Controllers\Home->store()
#4 /var/www/html/ToDoApp/system/CodeIgniter.php(412): CodeIgniter\CodeIgniter->runController()
#5 /var/www/html/ToDoApp/system/CodeIgniter.php(320): CodeIgniter\CodeIgniter->handleRequest()
#6 /var/www/html/ToDoApp/public/index.php(37): CodeIgniter\CodeIgniter->run()
#7 {main}
CRITICAL - 2022-12-07 22:45:48 --> Too few arguments to function App\Controllers\Home::pages(), 0 passed in /var/www/html/ToDoApp/system/CodeIgniter.php on line 825 and exactly 1 expected
#0 /var/www/html/ToDoApp/system/CodeIgniter.php(825): App\Controllers\Home->pages()
#1 /var/www/html/ToDoApp/system/CodeIgniter.php(412): CodeIgniter\CodeIgniter->runController()
#2 /var/www/html/ToDoApp/system/CodeIgniter.php(320): CodeIgniter\CodeIgniter->handleRequest()
#3 /var/www/html/ToDoApp/public/index.php(37): CodeIgniter\CodeIgniter->run()
#4 {main}
CRITICAL - 2022-12-07 22:45:49 --> Too few arguments to function App\Controllers\Home::pages(), 0 passed in /var/www/html/ToDoApp/system/CodeIgniter.php on line 825 and exactly 1 expected
#0 /var/www/html/ToDoApp/system/CodeIgniter.php(825): App\Controllers\Home->pages()
#1 /var/www/html/ToDoApp/system/CodeIgniter.php(412): CodeIgniter\CodeIgniter->runController()
#2 /var/www/html/ToDoApp/system/CodeIgniter.php(320): CodeIgniter\CodeIgniter->handleRequest()
#3 /var/www/html/ToDoApp/public/index.php(37): CodeIgniter\CodeIgniter->run()
#4 {main}
